<?xml version="1.0" encoding="UTF-8"?>
<!-- Generated by org.testng.reporters.JUnitReportReporter -->
<testsuite hostname="DESKTOP-D7JMDV6" failures="0" tests="2" name="qaautomation.january2022.AppTestPageFactory" time="16.756" errors="0" timestamp="2022-02-06T15:39:21 WIB" skipped="0">
  <testcase classname="qaautomation.january2022.AppTestPageFactory" name="test1" time="7.200"/>
  <system-out/>
  <testcase classname="qaautomation.january2022.AppTestPageFactory" name="test2" time="9.556"/>
  <system-out/>
</testsuite> <!-- qaautomation.january2022.AppTestPageFactory -->
