<?xml version="1.0" encoding="UTF-8"?>
<!-- Generated by org.testng.reporters.JUnitReportReporter -->
<testsuite hostname="DESKTOP-D7JMDV6" failures="0" tests="2" name="qaautomation.january2022.CommonPageTest" time="22.429" errors="0" timestamp="2022-02-06T15:39:21 WIB" skipped="0">
  <testcase classname="qaautomation.january2022.CommonPageTest" name="testSwitching" time="12.639"/>
  <system-out/>
  <testcase classname="qaautomation.january2022.CommonPageTest" name="testJS" time="9.790"/>
  <system-out/>
</testsuite> <!-- qaautomation.january2022.CommonPageTest -->
