<?xml version="1.0" encoding="UTF-8"?>
<!-- Generated by org.testng.reporters.JUnitReportReporter -->
<testsuite hostname="DESKTOP-D7JMDV6" failures="0" tests="1" name="qaautomation.january2022.GraphQLTest" time="0.680" errors="0" timestamp="2022-02-06T15:59:17 WIB" skipped="0">
  <testcase classname="qaautomation.january2022.GraphQLTest" name="fakerTest" time="0.680"/>
  <system-out/>
</testsuite> <!-- qaautomation.january2022.GraphQLTest -->
