<?xml version="1.0" encoding="UTF-8"?>
<!-- Generated by org.testng.reporters.JUnitReportReporter -->
<testsuite hostname="DESKTOP-D7JMDV6" failures="0" tests="2" name="qaautomation.january2022.APITest" time="12.612" errors="0" timestamp="2022-02-06T15:39:21 WIB" skipped="0">
  <testcase classname="qaautomation.january2022.APITest" name="dashboardAPI" time="9.051"/>
  <system-out/>
  <testcase classname="qaautomation.january2022.APITest" name="configurations" time="3.561"/>
  <system-out/>
</testsuite> <!-- qaautomation.january2022.APITest -->
