<?xml version="1.0" encoding="UTF-8"?>
<!-- Generated by org.testng.reporters.JUnitReportReporter -->
<testsuite hostname="DESKTOP-D7JMDV6" failures="0" tests="2" name="qaautomation.january2022.AppTest2" time="18.338" errors="0" timestamp="2022-02-06T15:39:21 WIB" skipped="0">
  <testcase classname="qaautomation.january2022.AppTest2" name="test2" time="7.102"/>
  <system-out/>
  <testcase classname="qaautomation.january2022.AppTest2" name="test1" time="11.236"/>
  <system-out/>
</testsuite> <!-- qaautomation.january2022.AppTest2 -->
