<?xml version="1.0" encoding="UTF-8"?>
<!-- Generated by org.testng.reporters.JUnitReportReporter -->
<testsuite hostname="DESKTOP-D7JMDV6" failures="0" tests="3" name="qaautomation.january2022.AppTest" time="22.890" errors="0" timestamp="2022-02-06T15:39:21 WIB" skipped="0">
  <testcase classname="qaautomation.january2022.AppTest" name="test1" time="6.826"/>
  <system-out/>
  <testcase classname="qaautomation.january2022.AppTest" name="test3" time="7.164"/>
  <system-out/>
  <testcase classname="qaautomation.january2022.AppTest" name="test2" time="8.900"/>
  <system-out/>
</testsuite> <!-- qaautomation.january2022.AppTest -->
