<?xml version="1.0" encoding="UTF-8"?>
<!-- Generated by org.testng.reporters.JUnitReportReporter -->
<testsuite hostname="DESKTOP-D7JMDV6" failures="0" tests="2" name="qaautomation.january2022.APITest" time="13.698" errors="0" timestamp="06 Feb 2022 08:36:54 GMT" skipped="0">
  <testcase classname="qaautomation.january2022.APITest" name="dashboardAPI" time="9.216"/>
  <testcase classname="qaautomation.january2022.APITest" name="configurations" time="4.482"/>
</testsuite> <!-- qaautomation.january2022.APITest -->
